Found Java version 11.0.15
Available memory: 3925 MB
Using JVM args: -Xmx981m
1184 [main] INFO  org.parosproxy.paros.Constant - Copying default configuration to /root/.ZAP_D/config.xml
1394 [main] INFO  org.parosproxy.paros.Constant - Creating directory /root/.ZAP_D/session
1394 [main] INFO  org.parosproxy.paros.Constant - Creating directory /root/.ZAP_D/dirbuster
1394 [main] INFO  org.parosproxy.paros.Constant - Creating directory /root/.ZAP_D/fuzzers
1395 [main] INFO  org.parosproxy.paros.Constant - Creating directory /root/.ZAP_D/plugin
1494 [main] INFO  org.zaproxy.zap.DaemonBootstrap - OWASP ZAP D-2022-05-30 started 21/07/2022, 10:54:56 with home /root/.ZAP_D/
1558 [main] INFO  org.parosproxy.paros.common.AbstractParam - Setting config api.addrs.addr(0).name = 0:0:0:0:0:0:0:1 was null
1559 [main] INFO  org.parosproxy.paros.common.AbstractParam - Setting config api.addrs.addr(1).name = zap was null
1559 [main] INFO  org.parosproxy.paros.common.AbstractParam - Setting config api.addrs.addr(2).name = localhost was null
1559 [main] INFO  org.parosproxy.paros.common.AbstractParam - Setting config api.addrs.addr(3).name = 127.0.0.1 was null
1559 [main] INFO  org.parosproxy.paros.common.AbstractParam - Setting config api.disablekey = true was null
1560 [main] INFO  org.parosproxy.paros.common.AbstractParam - Setting config spider.maxDuration = 5 was null
2032 [main] INFO  hsqldb.db.HSQLDB379AF3DEBD.ENGINE - dataFileCache open start
2041 [main] INFO  hsqldb.db.HSQLDB379AF3DEBD.ENGINE - dataFileCache commit start
2045 [main] INFO  hsqldb.db.HSQLDB379AF3DEBD.ENGINE - dataFileCache commit end
2053 [main] INFO  hsqldb.db.HSQLDB379AF3DEBD.ENGINE - dataFileCache open end
4872 [ZAP-daemon] INFO  org.zaproxy.zap.control.ExtensionFactory - Installed add-ons: [[id=accessControl, version=8.0.0], [id=alertFilters, version=14.0.0], [id=ascanrules, version=47.0.0], [id=ascanrulesBeta, version=41.0.0], [id=automation, version=0.16.0], [id=bruteforce, version=12.0.0], [id=callhome, version=0.4.0], [id=commonlib, version=1.10.0], [id=coreLang, version=16.0.0], [id=diff, version=12.0.0], [id=directorylistv1, version=6.0.0], [id=domxss, version=13.0.0], [id=encoder, version=0.7.0], [id=exim, version=0.2.0], [id=formhandler, version=5.0.0], [id=fuzz, version=13.7.0], [id=gettingStarted, version=14.0.0], [id=graaljs, version=0.3.0], [id=graphql, version=0.10.0], [id=help, version=15.0.0], [id=hud, version=0.14.0], [id=invoke, version=12.0.0], [id=network, version=0.3.0], [id=oast, version=0.11.0], [id=onlineMenu, version=10.0.0], [id=openapi, version=28.0.0], [id=plugnhack, version=13.0.0], [id=portscan, version=10.0.0], [id=pscanrules, version=41.0.0], [id=pscanrulesBeta, version=30.0.0], [id=quickstart, version=34.0.0], [id=replacer, version=10.0.0], [id=reports, version=0.14.0], [id=retest, version=0.3.0], [id=retire, version=0.13.0], [id=reveal, version=5.0.0], [id=scripts, version=31.0.0], [id=selenium, version=15.10.0], [id=sequence, version=7.0.0], [id=soap, version=14.0.0], [id=spiderAjax, version=23.8.0], [id=tips, version=10.0.0], [id=webdriverlinux, version=40.0.0], [id=webdrivermacos, version=41.0.0], [id=webdriverwindows, version=40.0.0], [id=websocket, version=27.0.0], [id=zest, version=36.0.0]]
4873 [ZAP-daemon] INFO  org.zaproxy.zap.control.ExtensionFactory - Loading extensions
6276 [ZAP-daemon] INFO  org.zaproxy.addon.network.internal.TlsUtils - Using supported SSL/TLS protocols: [TLSv1.2, TLSv1.3]
6821 [ZAP-daemon] INFO  org.zaproxy.zap.control.ExtensionFactory - Extensions loaded
7350 [ZAP-daemon] INFO  org.parosproxy.paros.extension.ExtensionLoader - Initializing Auto-update Extension - Allows ZAP to check for updates
7353 [ZAP-daemon] INFO  org.parosproxy.paros.extension.ExtensionLoader - Initializing Options Extension - Options Extension
7353 [ZAP-daemon] INFO  org.parosproxy.paros.extension.ExtensionLoader - Initializing Edit Menu Extension - Edit Menu Extension
7353 [ZAP-daemon] INFO  org.parosproxy.paros.extension.ExtensionLoader - Initializing API Extension - Provides a rest based API for controlling and accessing ZAP
7361 [ZAP-daemon] INFO  org.parosproxy.paros.extension.ExtensionLoader - Initializing History Extension - History Extension
7362 [ZAP-daemon] INFO  org.parosproxy.paros.extension.ExtensionLoader - Initializing ExtensionReveal - Show hidden fields and enable disabled fields
7363 [ZAP-daemon] INFO  org.parosproxy.paros.extension.ExtensionLoader - Initializing Search Extension - Search messages for strings and regular expressions
7364 [ZAP-daemon] INFO  org.parosproxy.paros.extension.ExtensionLoader - Initializing Breakpoint Extension - Allows you to intercept and modify requests and responses
7365 [ZAP-daemon] INFO  org.parosproxy.paros.extension.ExtensionLoader - Initializing Passive Scan Extension - Passive scanner
7460 [ZAP-daemon] INFO  org.zaproxy.zap.extension.pscan.ExtensionPassiveScan - loaded passive scan rule: Script Passive Scan Rules
7460 [ZAP-daemon] INFO  org.zaproxy.zap.extension.pscan.ExtensionPassiveScan - loaded passive scan rule: Stats Passive Scan Rule
7460 [ZAP-daemon] INFO  org.zaproxy.zap.extension.pscan.ExtensionPassiveScan - loaded passive scan rule: Anti-clickjacking Header
7460 [ZAP-daemon] INFO  org.zaproxy.zap.extension.pscan.ExtensionPassiveScan - loaded passive scan rule: Application Error Disclosure
7460 [ZAP-daemon] INFO  org.zaproxy.zap.extension.pscan.ExtensionPassiveScan - loaded passive scan rule: Re-examine Cache-control Directives
7460 [ZAP-daemon] INFO  org.zaproxy.zap.extension.pscan.ExtensionPassiveScan - loaded passive scan rule: Charset Mismatch
7461 [ZAP-daemon] INFO  org.zaproxy.zap.extension.pscan.ExtensionPassiveScan - loaded passive scan rule: Content Security Policy (CSP) Header Not Set
7461 [ZAP-daemon] INFO  org.zaproxy.zap.extension.pscan.ExtensionPassiveScan - loaded passive scan rule: CSP
7461 [ZAP-daemon] INFO  org.zaproxy.zap.extension.pscan.ExtensionPassiveScan - loaded passive scan rule: Content-Type Header Missing
7461 [ZAP-daemon] INFO  org.zaproxy.zap.extension.pscan.ExtensionPassiveScan - loaded passive scan rule: Cookie No HttpOnly Flag
7461 [ZAP-daemon] INFO  org.zaproxy.zap.extension.pscan.ExtensionPassiveScan - loaded passive scan rule: Loosely Scoped Cookie
7461 [ZAP-daemon] INFO  org.zaproxy.zap.extension.pscan.ExtensionPassiveScan - loaded passive scan rule: Cookie without SameSite Attribute
7461 [ZAP-daemon] INFO  org.zaproxy.zap.extension.pscan.ExtensionPassiveScan - loaded passive scan rule: Cookie Without Secure Flag
7461 [ZAP-daemon] INFO  org.zaproxy.zap.extension.pscan.ExtensionPassiveScan - loaded passive scan rule: Cross-Domain Misconfiguration
7461 [ZAP-daemon] INFO  org.zaproxy.zap.extension.pscan.ExtensionPassiveScan - loaded passive scan rule: Cross-Domain JavaScript Source File Inclusion
7461 [ZAP-daemon] INFO  org.zaproxy.zap.extension.pscan.ExtensionPassiveScan - loaded passive scan rule: Absence of Anti-CSRF Tokens
7461 [ZAP-daemon] INFO  org.zaproxy.zap.extension.pscan.ExtensionPassiveScan - loaded passive scan rule: Private IP Disclosure
7461 [ZAP-daemon] INFO  org.zaproxy.zap.extension.pscan.ExtensionPassiveScan - loaded passive scan rule: Session ID in URL Rewrite
7462 [ZAP-daemon] INFO  org.zaproxy.zap.extension.pscan.ExtensionPassiveScan - loaded passive scan rule: Information Disclosure - Debug Error Messages
7462 [ZAP-daemon] INFO  org.zaproxy.zap.extension.pscan.ExtensionPassiveScan - loaded passive scan rule: Information Disclosure - Sensitive Information in URL
7462 [ZAP-daemon] INFO  org.zaproxy.zap.extension.pscan.ExtensionPassiveScan - loaded passive scan rule: Information Disclosure - Sensitive Information in HTTP Referrer Header
7462 [ZAP-daemon] INFO  org.zaproxy.zap.extension.pscan.ExtensionPassiveScan - loaded passive scan rule: Information Disclosure - Suspicious Comments
7462 [ZAP-daemon] INFO  org.zaproxy.zap.extension.pscan.ExtensionPassiveScan - loaded passive scan rule: Weak Authentication Method
7462 [ZAP-daemon] INFO  org.zaproxy.zap.extension.pscan.ExtensionPassiveScan - loaded passive scan rule: Insecure JSF ViewState
7462 [ZAP-daemon] INFO  org.zaproxy.zap.extension.pscan.ExtensionPassiveScan - loaded passive scan rule: Secure Pages Include Mixed Content
7462 [ZAP-daemon] INFO  org.zaproxy.zap.extension.pscan.ExtensionPassiveScan - loaded passive scan rule: Timestamp Disclosure
7462 [ZAP-daemon] INFO  org.zaproxy.zap.extension.pscan.ExtensionPassiveScan - loaded passive scan rule: Username Hash Found
7462 [ZAP-daemon] INFO  org.zaproxy.zap.extension.pscan.ExtensionPassiveScan - loaded passive scan rule: Viewstate
7462 [ZAP-daemon] INFO  org.zaproxy.zap.extension.pscan.ExtensionPassiveScan - loaded passive scan rule: X-AspNet-Version Response Header
7462 [ZAP-daemon] INFO  org.zaproxy.zap.extension.pscan.ExtensionPassiveScan - loaded passive scan rule: X-Content-Type-Options Header Missing
7462 [ZAP-daemon] INFO  org.zaproxy.zap.extension.pscan.ExtensionPassiveScan - loaded passive scan rule: X-Debug-Token Information Leak
7462 [ZAP-daemon] INFO  org.zaproxy.zap.extension.pscan.ExtensionPassiveScan - loaded passive scan rule: Server Leaks Information via "X-Powered-By" HTTP Response Header Field(s)
7463 [ZAP-daemon] INFO  org.zaproxy.zap.extension.pscan.ExtensionPassiveScan - loaded passive scan rule: Vulnerable JS Library
7463 [ZAP-daemon] INFO  org.zaproxy.zap.extension.pscan.ExtensionPassiveScan - loaded passive scan rule: Big Redirect Detected (Potential Sensitive Information Leak)
7463 [ZAP-daemon] INFO  org.zaproxy.zap.extension.pscan.ExtensionPassiveScan - loaded passive scan rule: Directory Browsing
7463 [ZAP-daemon] INFO  org.zaproxy.zap.extension.pscan.ExtensionPassiveScan - loaded passive scan rule: Hash Disclosure
7463 [ZAP-daemon] INFO  org.zaproxy.zap.extension.pscan.ExtensionPassiveScan - loaded passive scan rule: Heartbleed OpenSSL Vulnerability (Indicative)
7463 [ZAP-daemon] INFO  org.zaproxy.zap.extension.pscan.ExtensionPassiveScan - loaded passive scan rule: HTTP to HTTPS Insecure Transition in Form Post
7463 [ZAP-daemon] INFO  org.zaproxy.zap.extension.pscan.ExtensionPassiveScan - loaded passive scan rule: HTTPS to HTTP Insecure Transition in Form Post
7463 [ZAP-daemon] INFO  org.zaproxy.zap.extension.pscan.ExtensionPassiveScan - loaded passive scan rule: Reverse Tabnabbing
7463 [ZAP-daemon] INFO  org.zaproxy.zap.extension.pscan.ExtensionPassiveScan - loaded passive scan rule: Modern Web Application
7463 [ZAP-daemon] INFO  org.zaproxy.zap.extension.pscan.ExtensionPassiveScan - loaded passive scan rule: PII Disclosure
7464 [ZAP-daemon] INFO  org.zaproxy.zap.extension.pscan.ExtensionPassiveScan - loaded passive scan rule: Retrieved from Cache
7464 [ZAP-daemon] INFO  org.zaproxy.zap.extension.pscan.ExtensionPassiveScan - loaded passive scan rule: HTTP Server Response Header
7464 [ZAP-daemon] INFO  org.zaproxy.zap.extension.pscan.ExtensionPassiveScan - loaded passive scan rule: HTTP Parameter Override
7464 [ZAP-daemon] INFO  org.zaproxy.zap.extension.pscan.ExtensionPassiveScan - loaded passive scan rule: Strict-Transport-Security Header
7464 [ZAP-daemon] INFO  org.zaproxy.zap.extension.pscan.ExtensionPassiveScan - loaded passive scan rule: User Controllable Charset
7464 [ZAP-daemon] INFO  org.zaproxy.zap.extension.pscan.ExtensionPassiveScan - loaded passive scan rule: Cookie Poisoning
7464 [ZAP-daemon] INFO  org.zaproxy.zap.extension.pscan.ExtensionPassiveScan - loaded passive scan rule: User Controllable HTML Element Attribute (Potential XSS)
7464 [ZAP-daemon] INFO  org.zaproxy.zap.extension.pscan.ExtensionPassiveScan - loaded passive scan rule: User Controllable JavaScript Event (XSS)
7464 [ZAP-daemon] INFO  org.zaproxy.zap.extension.pscan.ExtensionPassiveScan - loaded passive scan rule: Open Redirect
7464 [ZAP-daemon] INFO  org.zaproxy.zap.extension.pscan.ExtensionPassiveScan - loaded passive scan rule: X-Backend-Server Header Information Leak
7465 [ZAP-daemon] INFO  org.zaproxy.zap.extension.pscan.ExtensionPassiveScan - loaded passive scan rule: X-ChromeLogger-Data (XCOLD) Header Information Leak
7465 [ZAP-daemon] INFO  org.zaproxy.zap.extension.pscan.ExtensionPassiveScan - loaded passive scan rule: WSDL File Detection
7526 [ZAP-daemon] INFO  org.parosproxy.paros.extension.ExtensionLoader - Initializing Alerts Extension - Allows you to view and manage alerts
7527 [ZAP-daemon] INFO  org.parosproxy.paros.extension.ExtensionLoader - Initializing Active Scan Extension - Active scanner, heavily based on the original Paros active scanner, but with additional tests added
7535 [ZAP-daemon] INFO  org.parosproxy.paros.extension.ExtensionLoader - Initializing ExtensionSequence - ExtensionSequence
7536 [ZAP-daemon] INFO  org.parosproxy.paros.extension.ExtensionLoader - Initializing Spider Extension - Spider used for automatically finding URIs on a site
7543 [ZAP-daemon] INFO  org.parosproxy.paros.extension.ExtensionLoader - Initializing Standard Menus Extension - A set of common popup menus for miscellaneous tasks
7543 [ZAP-daemon] INFO  org.parosproxy.paros.extension.ExtensionLoader - Initializing ExtensionBruteForce - Forced browsing of files and directories using code from the OWASP DirBuster tool
7544 [ZAP-daemon] INFO  org.parosproxy.paros.extension.ExtensionLoader - Initializing ExtensionPortScan - Simple but effective port scanner
7545 [ZAP-daemon] INFO  org.parosproxy.paros.extension.ExtensionLoader - Initializing Manual Request Editor Extension - Manual Request Editor Extension
7545 [ZAP-daemon] INFO  org.parosproxy.paros.extension.ExtensionLoader - Initializing Compare Extension - Compares 2 sessions and generates an HTML file showing the differences
7546 [ZAP-daemon] INFO  org.parosproxy.paros.extension.ExtensionLoader - Initializing ExtensionInvoke - Invoke external applications passing context related information such as URLs and parameters
7546 [ZAP-daemon] INFO  org.parosproxy.paros.extension.ExtensionLoader - Initializing Anti-CSRF Extension - Handles anti cross site request forgery (CSRF) tokens
7557 [ZAP-daemon] INFO  org.parosproxy.paros.extension.ExtensionLoader - Initializing Authentication Extension - Authentication Extension
7572 [ZAP-daemon] INFO  org.zaproxy.zap.extension.authentication.ExtensionAuthentication - Loaded authentication method types: [Form-based Authentication, HTTP/NTLM Authentication, Manual Authentication, Script-based Authentication, JSON-based Authentication]
7574 [ZAP-daemon] INFO  org.parosproxy.paros.extension.ExtensionLoader - Initializing Log4j Extension - Logs errors to the Output tab in development mode only
7575 [ZAP-daemon] INFO  org.parosproxy.paros.extension.ExtensionLoader - Initializing Users Extension - Users Extension
7577 [ZAP-daemon] INFO  org.parosproxy.paros.extension.ExtensionLoader - Initializing Parameters Extension - Summarise and analyse FORM and URL parameters as well as cookies
7577 [ZAP-daemon] INFO  org.parosproxy.paros.extension.ExtensionLoader - Initializing Script Extension - Script integration
7588 [ZAP-daemon] INFO  org.parosproxy.paros.extension.ExtensionLoader - Initializing ExtensionScripts - Scripting console, supports all JSR 223 scripting languages
7821 [ZAP-daemon] INFO  org.parosproxy.paros.extension.ExtensionLoader - Initializing Forced User Extension - Forced User Extension
7827 [ZAP-daemon] INFO  org.parosproxy.paros.extension.ExtensionLoader - Initializing HTTP Sessions Extension - Extension handling HTTP sessions
7829 [ZAP-daemon] INFO  org.parosproxy.paros.extension.ExtensionLoader - Initializing ExtensionZest - Zest is a specialized scripting language, originally, from Mozilla specifically designed to be used in security tools
7992 [ZAP-daemon] INFO  org.parosproxy.paros.extension.ExtensionLoader - Initializing ExtensionDiff - ExtensionDiff
7992 [ZAP-daemon] INFO  org.parosproxy.paros.extension.ExtensionLoader - Initializing HTTP Panel Post Table View Extension - HTTP Panel Post Table View Extension
7992 [ZAP-daemon] INFO  org.parosproxy.paros.extension.ExtensionLoader - Initializing Encoder Addon - Adds support for scriptable encoders to ZAP.
7993 [ZAP-daemon] INFO  org.parosproxy.paros.extension.ExtensionLoader - Initializing ExtensionPlugNHack - Simple browser configuration
7993 [ZAP-daemon] INFO  org.parosproxy.paros.extension.ExtensionLoader - Initializing Session Management Extension - Session Management Extension
7998 [ZAP-daemon] INFO  org.zaproxy.zap.extension.sessions.ExtensionSessionManagement - Loaded session management method types: [Cookie-based Session Management, HTTP Authentication Session Management, Script-based Session Management]
7998 [ZAP-daemon] INFO  org.parosproxy.paros.extension.ExtensionLoader - Initializing HTTP Panel Form Table View Extension - HTTP Panel Form Table View Extension
7998 [ZAP-daemon] INFO  org.parosproxy.paros.extension.ExtensionLoader - Initializing WebSockets Support - Capture messages from WebSockets with the ability to set breakpoints.
8014 [ZAP-daemon] INFO  org.parosproxy.paros.extension.ExtensionLoader - Initializing SOAP/WSDL Support - Allows you to import a WSDL file containing operations which ZAP will access, adding them to the Sites tree.
8017 [ZAP-daemon] INFO  org.parosproxy.paros.extension.ExtensionLoader - Initializing Core UI Extension - Core UI related functionality.
8017 [ZAP-daemon] INFO  org.parosproxy.paros.extension.ExtensionLoader - Initializing Authorization Extension - Authorization Extension
8017 [ZAP-daemon] INFO  org.parosproxy.paros.extension.ExtensionLoader - Initializing AJAX Spider - AJAX Spider, uses Crawljax
8018 [ZAP-daemon] INFO  org.parosproxy.paros.extension.ExtensionLoader - Initializing WebDriver Provider - Provides WebDrivers to control several browsers using Selenium and includes HtmlUnit browser.
8029 [ZAP-daemon] INFO  org.parosproxy.paros.extension.ExtensionLoader - Initializing ExtensionAccessControl - Add-on that adds a set of tools for testing access control in web applications.
8030 [ZAP-daemon] INFO  org.parosproxy.paros.extension.ExtensionLoader - Initializing Global Exclude URLs Extension - Handles adding Global Excluded URLs
8030 [ZAP-daemon] INFO  org.parosproxy.paros.extension.ExtensionLoader - Initializing Refresh Sites Tree Extension - Adds menu item to refresh the Sites tree
8030 [ZAP-daemon] INFO  org.parosproxy.paros.extension.ExtensionLoader - Initializing Help Extension - OWASP ZAP User Guide
8030 [ZAP-daemon] INFO  org.parosproxy.paros.extension.ExtensionLoader - Initializing Network Extension - Provides core networking capabilities.
8062 [ZAP-daemon] INFO  org.parosproxy.paros.network.SSLConnector - Reading supported SSL/TLS protocols...
8062 [ZAP-daemon] INFO  org.parosproxy.paros.network.SSLConnector - Using a SSLEngine...
8064 [ZAP-daemon] INFO  org.parosproxy.paros.network.SSLConnector - Done reading supported SSL/TLS protocols: [SSLv2Hello, SSLv3, TLSv1, TLSv1.1, TLSv1.2, TLSv1.3]
8064 [ZAP-daemon] INFO  org.zaproxy.addon.network.ConnectionOptions - Unsafe SSL/TLS renegotiation disabled.
8065 [ZAP-daemon] INFO  org.parosproxy.paros.extension.ExtensionLoader - Initializing Extension Configuration Extension - Allows you to configure which extensions are loaded when ZAP starts
8065 [ZAP-daemon] INFO  org.parosproxy.paros.extension.ExtensionLoader - Initializing Combined HTTP Panels Extension - Combined HTTP Panels Extension
8065 [ZAP-daemon] INFO  org.parosproxy.paros.extension.ExtensionLoader - Initializing HTTP Panel Hex View Extension - HTTP Panel Hex View Extension
8065 [ZAP-daemon] INFO  org.parosproxy.paros.extension.ExtensionLoader - Initializing HTTP Panel Image View Extension - HTTP Panel Image View Extension
8066 [ZAP-daemon] INFO  org.parosproxy.paros.extension.ExtensionLoader - Initializing HTTP Panel Query Table View Extension - HTTP Panel Query Table View Extension
8066 [ZAP-daemon] INFO  org.parosproxy.paros.extension.ExtensionLoader - Initializing HTTP Panel Syntax Highlighter View Extension - HTTP Panel Syntax Highlighter View Extension
8066 [ZAP-daemon] INFO  org.parosproxy.paros.extension.ExtensionLoader - Initializing Keyboard Configuration Extension - Adds support for configurable keyboard shortcuts for all of the ZAP menus.
8066 [ZAP-daemon] INFO  org.parosproxy.paros.extension.ExtensionLoader - Initializing Scanner Rule Configuration Extension - Active and passive rule configuration
8068 [ZAP-daemon] INFO  org.parosproxy.paros.extension.ExtensionLoader - Initializing Statistics Extension - Statistics
8069 [ZAP-daemon] INFO  org.zaproxy.zap.extension.stats.ExtensionStats - Start recording in memory stats
8069 [ZAP-daemon] INFO  org.parosproxy.paros.extension.ExtensionLoader - Initializing Custom Pages Extension - Custom Pages Definition
8070 [ZAP-daemon] INFO  org.parosproxy.paros.extension.ExtensionLoader - Initializing Active Scan Rules - Release status active scan rules
8070 [ZAP-daemon] INFO  org.parosproxy.paros.extension.ExtensionLoader - Initializing Passive Scan Rules - Release status passive scan rules
8070 [ZAP-daemon] INFO  org.parosproxy.paros.extension.ExtensionLoader - Initializing Retest - Facilitates the verification of presence/absence of certain alerts.
8070 [ZAP-daemon] INFO  org.parosproxy.paros.extension.ExtensionLoader - Initializing ExtensionFormHandler - This extension allows a user to change the default values used by ZAP Spiders.
8071 [ZAP-daemon] INFO  org.parosproxy.paros.extension.ExtensionLoader - Initializing ExtensionAlertFilters - Context alert rules filter
8072 [ZAP-daemon] INFO  org.parosproxy.paros.extension.ExtensionLoader - Initializing Alert Filters Automation - Alert Filters Automation Framework Integration
8074 [ZAP-daemon] INFO  org.parosproxy.paros.extension.ExtensionLoader - Initializing ExtensionGettingStarted - The ZAP Getting Started Guide
8074 [ZAP-daemon] INFO  org.parosproxy.paros.extension.ExtensionLoader - Initializing Passive Scan Rules - beta - Beta status passive scan rules
8074 [ZAP-daemon] INFO  org.parosproxy.paros.extension.ExtensionLoader - Initializing Call Home - Handles all of the calls to ZAP services
8074 [ZAP-daemon] INFO  org.parosproxy.paros.extension.ExtensionLoader - Initializing SOAP Automation - SOAP Automation Framework Integration
8075 [ZAP-daemon] INFO  org.parosproxy.paros.extension.ExtensionLoader - Initializing ExtensionOnlineMenu - The Online menu links
8075 [ZAP-daemon] INFO  org.parosproxy.paros.extension.ExtensionLoader - Initializing Common Library - A library of shared functionality
8076 [ZAP-daemon] INFO  org.parosproxy.paros.extension.ExtensionLoader - Initializing ExtensionGraphQl - Allows you to inspect and attack GraphQL endpoints.
8078 [ZAP-daemon] INFO  org.parosproxy.paros.extension.ExtensionLoader - Initializing GraphQL Automation - GraphQL Automation Framework Integration
8078 [ZAP-daemon] INFO  org.parosproxy.paros.extension.ExtensionLoader - Initializing ExtensionDomXSS - DOM XSS Active Scan Rule
8142 [ZAP-daemon] INFO  org.parosproxy.paros.extension.ExtensionLoader - Initializing OpenAPI Import - Allows you to spider and import OpenAPI (Swagger) definitions 
8144 [ZAP-daemon] INFO  org.parosproxy.paros.extension.ExtensionLoader - Initializing OpenAPI Automation - OpenAPI Automation Framework Integration
8145 [ZAP-daemon] INFO  org.parosproxy.paros.extension.ExtensionLoader - Initializing WebSocket Fuzzer - Allows to fuzz WebSocket messages.
8145 [ZAP-daemon] INFO  org.parosproxy.paros.extension.ExtensionLoader - Initializing Scripts Automation Framework Integration - Scripts Automation
8149 [ZAP-daemon] INFO  org.parosproxy.paros.extension.ExtensionLoader - Initializing Quick Start panel  - Adds the Quick Start panel for scanning and exploring applications
8150 [ZAP-daemon] INFO  org.parosproxy.paros.extension.ExtensionLoader - Initializing Quick Start Ajax Spider integration - Add the option to use the Ajax Spider in the Quick Start scan
8150 [ZAP-daemon] INFO  org.parosproxy.paros.extension.ExtensionLoader - Initializing Quick Start HUD Integration - HUD integration for the quick start panel
8150 [ZAP-daemon] INFO  org.parosproxy.paros.extension.ExtensionLoader - Initializing Quick Start Browser Launcher - Launch browsers preset proxying through ZAP
8150 [ZAP-daemon] INFO  org.parosproxy.paros.extension.ExtensionLoader - Initializing ExtensionCoreLang - Translations of the core language files
8151 [ZAP-daemon] INFO  org.parosproxy.paros.extension.ExtensionLoader - Initializing GraalVM JavaScript Engine Extension - Provides the GraalVM JavaScript engine for ZAP scripting.
8344 [ZAP-daemon] INFO  org.parosproxy.paros.extension.ExtensionLoader - Initializing Import/Export - Import and Export functionality supporting multiple formats.
8344 [ZAP-daemon] INFO  org.parosproxy.paros.extension.ExtensionLoader - Initializing Import/Export Automation - Import/Export Automation Framework Integration
8345 [ZAP-daemon] INFO  org.parosproxy.paros.extension.ExtensionLoader - Initializing Match and Replace - Easy way to replace strings in requests and responses
8348 [ZAP-daemon] INFO  org.parosproxy.paros.extension.ExtensionLoader - Initializing ExtensionAscanRulesBeta - Beta status active scan rules
8349 [ZAP-daemon] INFO  org.parosproxy.paros.extension.ExtensionLoader - Initializing Automation Framework - Provides functionality to simplify using ZAP in an automated manner
8349 [ZAP-daemon] INFO  org.parosproxy.paros.extension.ExtensionLoader - Initializing Ajax Spider Automation - Ajax Spider Automation Framework Integration
8351 [ZAP-daemon] INFO  org.parosproxy.paros.extension.ExtensionLoader - Initializing ExtensionHUD - Heads Up Display
8575 [ZAP-daemon] INFO  org.parosproxy.paros.extension.ExtensionLoader - Initializing ExtensionHUDlaunch - ExtensionHUDlaunch
8576 [ZAP-daemon] INFO  org.parosproxy.paros.extension.ExtensionLoader - Initializing Out-of-band Application Security Testing - Adds Out-of-band Application Security Testing functionality.
8578 [ZAP-daemon] INFO  org.parosproxy.paros.extension.ExtensionLoader - Initializing OAST Scripts - Adds OAST scripts.
8578 [ZAP-daemon] INFO  org.parosproxy.paros.extension.ExtensionLoader - Initializing Advance Fuzzer - Provides the foundation for concrete message types (for example, HTTP, WebSockets) expose fuzzer implementations.
8579 [ZAP-daemon] INFO  org.parosproxy.paros.extension.ExtensionLoader - Initializing HTTP Fuzzer - Allows to fuzz HTTP messages.
8581 [ZAP-daemon] INFO  org.parosproxy.paros.extension.ExtensionLoader - Initializing Report Generator - Templated and themed report generation functionality
8582 [ZAP-daemon] INFO  org.parosproxy.paros.extension.ExtensionLoader - Initializing Report Generation Automation Integration - Report Generation Automation Integration
8584 [ZAP-daemon] INFO  org.parosproxy.paros.extension.ExtensionLoader - Initializing ExtensionTipsAndTricks - Tips and Tricks
8636 [ZAP-daemon] INFO  org.zaproxy.addon.oast.services.callback.CallbackService - Started callback service on 0.0.0.0:37161
8637 [ZAP-daemon] INFO  org.zaproxy.addon.network.ExtensionNetwork - Creating new root CA certificate.
10001 [ZAP-daemon] INFO  org.zaproxy.addon.network.ExtensionNetwork - New root CA certificate created.
13049 [ZAP-daemon] INFO  org.zaproxy.zap.extension.autoupdate.ExtensionAutoUpdate - There is/are 5 newer addons
